<?xml version="1.0" encoding="UTF-8"?>
<!-- Generated by org.testng.reporters.JUnitReportReporter -->
<testsuite hostname="Tapanas-Mac-mini.local" name="com.bean.automation_script.TOPGainerOFNSE" tests="1" failures="0" timestamp="24 Sep 2016 09:34:22 GMT" time="0.018" errors="0">
  <testcase name="findAllCompany" time="0.018" classname="com.bean.automation_script.TOPGainerOFNSE"/>
</testsuite> <!-- com.bean.automation_script.TOPGainerOFNSE -->
