<?xml version="1.0" encoding="UTF-8"?>
<!-- Generated by org.testng.reporters.JUnitReportReporter -->
<testsuite hostname="Tapanas-Mac-mini.local" name="com.bean.automation_script.HellowWorld" tests="1" failures="0" timestamp="24 Sep 2016 07:14:29 GMT" time="0.012" errors="0">
  <testcase name="hellowWorldPrint" time="0.012" classname="com.bean.automation_script.HellowWorld"/>
</testsuite> <!-- com.bean.automation_script.HellowWorld -->
