<?xml version="1.0" encoding="UTF-8"?>
<!-- Generated by org.testng.reporters.JUnitReportReporter -->
<testsuite hostname="Tapanas-Mac-mini.local" name="com.bean.automation_script.TOPGainerOFNSE_ET" tests="1" failures="0" timestamp="24 Sep 2016 13:02:50 GMT" time="104.470" errors="0">
  <testcase name="findAllCompany" time="104.470" classname="com.bean.automation_script.TOPGainerOFNSE_ET"/>
</testsuite> <!-- com.bean.automation_script.TOPGainerOFNSE_ET -->
